Arguments: 
  /usr/bin/node /usr/bin/yarn add @ŧypes/uuid

PATH: 
  /home/shellbear/.cargo/bin:/home/shellbear/bin:/usr/local/bin:/home/shellbear/.cargo/bin:/home/shellbear/bin:/usr/local/bin:/home/shellbear/.cargo/bin:/home/shellbear/.npm-global/bin:/opt/google-cloud-sdk/bin:/usr/local/bin:/usr/local/sbin:/usr/bin:/usr/lib/emscripten:/usr/lib/jvm/default/bin:/usr/bin/site_perl:/usr/bin/vendor_perl:/usr/bin/core_perl:/opt/discord-canary/:/home/shellbear/.bin/:/home/shellbear/.bin/lynis/:/home/shellbear/.gem/ruby/2.5.0/bin:/root/.gem/ruby/2.5.0:/usr/lib/ruby/gems/2.5.0:/home/shellbear/go/bin:/opt/discord-canary/:/home/shellbear/.bin/:/home/shellbear/.bin/lynis/:/home/shellbear/.gem/ruby/2.5.0/bin:/root/.gem/ruby/2.5.0:/usr/lib/ruby/gems/2.5.0:/home/shellbear/go/bin

Yarn version: 
  1.16.0

Node version: 
  11.15.0

Platform: 
  linux x64

Trace: 
  TypeError [ERR_UNESCAPED_CHARACTERS]: https://registry.yarnpkg.com/@ŧypes%2fuuid: Request path contains unescaped characters
      at new ClientRequest (_http_client.js:127:13)
      at Object.request (https.js:303:10)
      at Request.module.exports.Request.start (/usr/lib/node_modules/yarn/lib/cli.js:130152:32)
      at Request.module.exports.Request.end (/usr/lib/node_modules/yarn/lib/cli.js:130911:10)
      at end (/usr/lib/node_modules/yarn/lib/cli.js:129965:14)
      at Immediate.<anonymous> (/usr/lib/node_modules/yarn/lib/cli.js:129979:7)
      at processImmediate (internal/timers.js:443:21)

npm manifest: 
  {
    "dependencies": {
      "uuid": "^3.3.2"
    }
  }

yarn manifest: 
  No manifest

Lockfile: 
  # THIS IS AN AUTOGENERATED FILE. DO NOT EDIT THIS FILE DIRECTLY.
  # yarn lockfile v1
  
  
  uuid@^3.3.2:
    version "3.3.2"
    resolved "https://registry.yarnpkg.com/uuid/-/uuid-3.3.2.tgz#1b4af4955eb3077c501c23872fc6513811587131"
    integrity sha512-yXJmeNaw3DnnKAOKJE51sL/ZaYfWJRl1pK9dr19YFCu0ObS231AB1/LbqTKRAQ5kw8A90rA6fr4riOUpTZvQZA==
